<?xml version="1.0" encoding="UTF-8" ?>
<testsuites name="vitest tests" tests="1" failures="0" errors="0" time="1.096">
    <testsuite name="src/lib/hooks/useTrace.test.tsx" timestamp="2024-07-15T21:14:12.581Z" hostname="DESKTOP-J60LN25" tests="1" failures="0" errors="0" skipped="0" time="0.013">
        <testcase classname="src/lib/hooks/useTrace.test.tsx" name="Ensure rendering stability" time="0.013">
            <system-out>
a
  [a] Initial render
  [a] Initial prop: a = a
  a
    [a] Previous prop: a = a
    [a] Current prop: a = b
    b
      [b] Previous prop: a = b
      [b] Current prop: a = a

            </system-out>
        </testcase>
    </testsuite>
</testsuites>
